19-01-03.19:32:30.024 [Thread-35       ] INFO  AnnotationConfigServletWebServerApplicationContext  - Closing org.springframework.boot.web.servlet.context.AnnotationConfigServletWebServerApplicationContext@7b7a8175: startup date [Sat Dec 29 18:06:01 CST 2018]; root of context hierarchy
19-01-03.19:32:30.125 [Thread-35       ] INFO  AnnotationMBeanExporter  - Unregistering JMX-exposed beans on shutdown
19-01-03.19:32:30.126 [Thread-35       ] INFO  AnnotationMBeanExporter  - Unregistering JMX-exposed beans
19-01-03.19:32:30.129 [Thread-35       ] DEBUG LifecycleBeanPostProcessor  - Destroying bean [securityManager]...
19-01-03.19:32:30.135 [Thread-35       ] DEBUG LifecycleBeanPostProcessor  - Destroying bean [getEhCacheManager]...
19-01-03.19:32:30.981 [restartedMain   ] INFO  SpringbootApplication   - Starting SpringbootApplication on localhost with PID 12594 (/Users/uxin/IdeaProjects/Final/springboot/target/classes started by uxin in /Users/uxin/IdeaProjects/Final)
19-01-03.19:32:30.981 [restartedMain   ] DEBUG SpringbootApplication   - Running with Spring Boot v2.0.3.RELEASE, Spring v5.0.7.RELEASE
19-01-03.19:32:30.981 [restartedMain   ] INFO  SpringbootApplication   - The following profiles are active: mysql
19-01-03.19:32:30.985 [restartedMain   ] INFO  AnnotationConfigServletWebServerApplicationContext  - Refreshing org.springframework.boot.web.servlet.context.AnnotationConfigServletWebServerApplicationContext@62b021fc: startup date [Thu Jan 03 19:32:30 CST 2019]; root of context hierarchy
19-01-03.19:32:31.965 [restartedMain   ] DEBUG ClassPathMapperScanner  - Identified candidate component class: file [/Users/uxin/IdeaProjects/Final/springboot/target/classes/com/bsworld/springboot/start/dao/mapper/TPermissionMapper.class]
19-01-03.19:32:31.967 [restartedMain   ] DEBUG ClassPathMapperScanner  - Identified candidate component class: file [/Users/uxin/IdeaProjects/Final/springboot/target/classes/com/bsworld/springboot/start/dao/mapper/TRateTransformMapper.class]
19-01-03.19:32:31.968 [restartedMain   ] DEBUG ClassPathMapperScanner  - Identified candidate component class: file [/Users/uxin/IdeaProjects/Final/springboot/target/classes/com/bsworld/springboot/start/dao/mapper/TRoleMapper.class]
19-01-03.19:32:31.969 [restartedMain   ] DEBUG ClassPathMapperScanner  - Identified candidate component class: file [/Users/uxin/IdeaProjects/Final/springboot/target/classes/com/bsworld/springboot/start/dao/mapper/TUserMapper.class]
19-01-03.19:32:31.971 [restartedMain   ] DEBUG ClassPathMapperScanner  - Identified candidate component class: file [/Users/uxin/IdeaProjects/Final/springboot/target/classes/com/bsworld/springboot/start/dao/mapper/TUserRoleMapper.class]
19-01-03.19:32:31.972 [restartedMain   ] DEBUG ClassPathMapperScanner  - Creating MapperFactoryBean with name 'TPermissionMapper' and 'com.bsworld.springboot.start.dao.mapper.TPermissionMapper' mapperInterface
19-01-03.19:32:31.973 [restartedMain   ] DEBUG ClassPathMapperScanner  - Creating MapperFactoryBean with name 'TRateTransformMapper' and 'com.bsworld.springboot.start.dao.mapper.TRateTransformMapper' mapperInterface
19-01-03.19:32:31.973 [restartedMain   ] DEBUG ClassPathMapperScanner  - Creating MapperFactoryBean with name 'TRoleMapper' and 'com.bsworld.springboot.start.dao.mapper.TRoleMapper' mapperInterface
19-01-03.19:32:31.973 [restartedMain   ] DEBUG ClassPathMapperScanner  - Creating MapperFactoryBean with name 'TUserMapper' and 'com.bsworld.springboot.start.dao.mapper.TUserMapper' mapperInterface
19-01-03.19:32:31.973 [restartedMain   ] DEBUG ClassPathMapperScanner  - Creating MapperFactoryBean with name 'TUserRoleMapper' and 'com.bsworld.springboot.start.dao.mapper.TUserRoleMapper' mapperInterface
19-01-03.19:32:32.183 [restartedMain   ] INFO  PostProcessorRegistrationDelegate$BeanPostProcessorChecker  - Bean 'shiroConfig' of type [com.bsworld.springboot.start.config.shiro.ShiroConfig$$EnhancerBySpringCGLIB$$502f04db] is not eligible for getting processed by all BeanPostProcessors (for example: not eligible for auto-proxying)
19-01-03.19:32:32.199 [restartedMain   ] DEBUG LifecycleBeanPostProcessor  - Initializing bean [getEhCacheManager]...
19-01-03.19:32:32.199 [restartedMain   ] DEBUG EhCacheManager          - cacheManager property not set.  Constructing CacheManager instance... 
19-01-03.19:32:32.200 [restartedMain   ] DEBUG ResourceUtils           - Opening resource from class path [ehcache-shiro.xml]
19-01-03.19:32:32.200 [restartedMain   ] DEBUG ConfigurationFactory    - Configuring ehcache from InputStream
19-01-03.19:32:32.205 [restartedMain   ] DEBUG PropertyUtil            - propertiesString is null.
19-01-03.19:32:32.205 [restartedMain   ] DEBUG CacheManager            - No disk store path defined. Skipping disk store path conflict test.
19-01-03.19:32:32.205 [restartedMain   ] DEBUG ConfigurationHelper     - No CacheManagerEventListenerFactory class specified. Skipping...
19-01-03.19:32:32.206 [restartedMain   ] DEBUG Cache                   - No BootstrapCacheLoaderFactory class specified. Skipping...
19-01-03.19:32:32.206 [restartedMain   ] DEBUG Cache                   - CacheWriter factory not configured. Skipping...
19-01-03.19:32:32.206 [restartedMain   ] DEBUG ConfigurationHelper     - No CacheExceptionHandlerFactory class specified. Skipping...
19-01-03.19:32:32.207 [restartedMain   ] DEBUG EhCacheManager          - implicit cacheManager created successfully.
19-01-03.19:32:32.207 [restartedMain   ] INFO  PostProcessorRegistrationDelegate$BeanPostProcessorChecker  - Bean 'getEhCacheManager' of type [org.apache.shiro.cache.ehcache.EhCacheManager] is not eligible for getting processed by all BeanPostProcessors (for example: not eligible for auto-proxying)
19-01-03.19:32:32.207 [restartedMain   ] DEBUG AuthorizingRealm        - No authorizationCache instance set.  Checking for a cacheManager...
19-01-03.19:32:32.207 [restartedMain   ] DEBUG AuthorizingRealm        - CacheManager [org.apache.shiro.cache.ehcache.EhCacheManager@ebc5e03] has been configured.  Building authorization cache named [myRelam.authorizationCache]
19-01-03.19:32:32.208 [restartedMain   ] INFO  EhCacheManager          - Cache with name 'myRelam.authorizationCache' does not yet exist.  Creating now.
19-01-03.19:32:32.209 [restartedMain   ] DEBUG MemoryStore             - Initialized net.sf.ehcache.store.NotifyingMemoryStore for myRelam.authorizationCache
19-01-03.19:32:32.209 [restartedMain   ] DEBUG Cache                   - Initialised cache: myRelam.authorizationCache
19-01-03.19:32:32.210 [restartedMain   ] DEBUG ConfigurationHelper     - CacheDecoratorFactory not configured for defaultCache. Skipping for 'myRelam.authorizationCache'.
19-01-03.19:32:32.210 [restartedMain   ] INFO  EhCacheManager          - Added EhCache named [myRelam.authorizationCache]
19-01-03.19:32:32.331 [restartedMain   ] INFO  PostProcessorRegistrationDelegate$BeanPostProcessorChecker  - Bean 'mysqlConfig' of type [com.bsworld.springboot.start.config.mysql.MysqlConfig$$EnhancerBySpringCGLIB$$5509aa3d] is not eligible for getting processed by all BeanPostProcessors (for example: not eligible for auto-proxying)
19-01-03.19:32:32.354 [restartedMain   ] INFO  PostProcessorRegistrationDelegate$BeanPostProcessorChecker  - Bean 'org.springframework.boot.context.properties.ConversionServiceDeducer$Factory' of type [org.springframework.boot.context.properties.ConversionServiceDeducer$Factory] is not eligible for getting processed by all BeanPostProcessors (for example: not eligible for auto-proxying)
19-01-03.19:32:32.395 [restartedMain   ] INFO  PostProcessorRegistrationDelegate$BeanPostProcessorChecker  - Bean 'druidDateSource' of type [com.alibaba.druid.pool.DruidDataSource] is not eligible for getting processed by all BeanPostProcessors (for example: not eligible for auto-proxying)
19-01-03.19:32:32.485 [restartedMain   ] DEBUG SqlSessionFactoryBean   - Parsed configuration file: 'class path resource [META-INF/mybatis/mybatis-config.xml]'
19-01-03.19:32:32.499 [restartedMain   ] DEBUG SqlSessionFactoryBean   - Parsed mapper file: 'file [/Users/uxin/IdeaProjects/Final/springboot/target/classes/META-INF/mybatis/mapper/TPermissionMapper.xml]'
19-01-03.19:32:32.569 [restartedMain   ] DEBUG SqlSessionFactoryBean   - Parsed mapper file: 'file [/Users/uxin/IdeaProjects/Final/springboot/target/classes/META-INF/mybatis/mapper/TRateTransformMapper.xml]'
19-01-03.19:32:32.586 [restartedMain   ] DEBUG SqlSessionFactoryBean   - Parsed mapper file: 'file [/Users/uxin/IdeaProjects/Final/springboot/target/classes/META-INF/mybatis/mapper/TRoleMapper.xml]'
19-01-03.19:32:32.600 [restartedMain   ] DEBUG SqlSessionFactoryBean   - Parsed mapper file: 'file [/Users/uxin/IdeaProjects/Final/springboot/target/classes/META-INF/mybatis/mapper/TUserMapper.xml]'
19-01-03.19:32:32.610 [restartedMain   ] DEBUG SqlSessionFactoryBean   - Parsed mapper file: 'file [/Users/uxin/IdeaProjects/Final/springboot/target/classes/META-INF/mybatis/mapper/TUserRoleMapper.xml]'
19-01-03.19:32:32.662 [restartedMain   ] DEBUG SqlSessionFactoryBean   - Parsed mapper file: 'file [/Users/uxin/IdeaProjects/Final/springboot/target/classes/META-INF/mybatis/mapper/UserMapper.xml]'
19-01-03.19:32:32.662 [restartedMain   ] INFO  PostProcessorRegistrationDelegate$BeanPostProcessorChecker  - Bean 'sqlSessionFactory' of type [org.apache.ibatis.session.defaults.DefaultSqlSessionFactory] is not eligible for getting processed by all BeanPostProcessors (for example: not eligible for auto-proxying)
19-01-03.19:32:32.664 [restartedMain   ] INFO  PostProcessorRegistrationDelegate$BeanPostProcessorChecker  - Bean 'TUserMapper' of type [org.mybatis.spring.mapper.MapperFactoryBean] is not eligible for getting processed by all BeanPostProcessors (for example: not eligible for auto-proxying)
19-01-03.19:32:32.665 [restartedMain   ] INFO  PostProcessorRegistrationDelegate$BeanPostProcessorChecker  - Bean 'TUserMapper' of type [com.sun.proxy.$Proxy102] is not eligible for getting processed by all BeanPostProcessors (for example: not eligible for auto-proxying)
19-01-03.19:32:32.665 [restartedMain   ] INFO  PostProcessorRegistrationDelegate$BeanPostProcessorChecker  - Bean 'TUserServiceImpl' of type [com.bsworld.springboot.start.service.impl.TUserServiceImpl] is not eligible for getting processed by all BeanPostProcessors (for example: not eligible for auto-proxying)
19-01-03.19:32:32.671 [restartedMain   ] INFO  PostProcessorRegistrationDelegate$BeanPostProcessorChecker  - Bean 'TUserRoleMapper' of type [org.mybatis.spring.mapper.MapperFactoryBean] is not eligible for getting processed by all BeanPostProcessors (for example: not eligible for auto-proxying)
19-01-03.19:32:32.672 [restartedMain   ] INFO  PostProcessorRegistrationDelegate$BeanPostProcessorChecker  - Bean 'TUserRoleMapper' of type [com.sun.proxy.$Proxy103] is not eligible for getting processed by all BeanPostProcessors (for example: not eligible for auto-proxying)
19-01-03.19:32:32.673 [restartedMain   ] INFO  PostProcessorRegistrationDelegate$BeanPostProcessorChecker  - Bean 'TUserRoleServiceImpl' of type [com.bsworld.springboot.start.service.impl.TUserRoleServiceImpl] is not eligible for getting processed by all BeanPostProcessors (for example: not eligible for auto-proxying)
19-01-03.19:32:32.724 [restartedMain   ] INFO  PostProcessorRegistrationDelegate$BeanPostProcessorChecker  - Bean 'TRoleMapper' of type [org.mybatis.spring.mapper.MapperFactoryBean] is not eligible for getting processed by all BeanPostProcessors (for example: not eligible for auto-proxying)
19-01-03.19:32:32.725 [restartedMain   ] INFO  PostProcessorRegistrationDelegate$BeanPostProcessorChecker  - Bean 'TRoleMapper' of type [com.sun.proxy.$Proxy104] is not eligible for getting processed by all BeanPostProcessors (for example: not eligible for auto-proxying)
19-01-03.19:32:32.725 [restartedMain   ] INFO  PostProcessorRegistrationDelegate$BeanPostProcessorChecker  - Bean 'TRoleServiceImpl' of type [com.bsworld.springboot.start.service.impl.TRoleServiceImpl] is not eligible for getting processed by all BeanPostProcessors (for example: not eligible for auto-proxying)
19-01-03.19:32:32.731 [restartedMain   ] INFO  PostProcessorRegistrationDelegate$BeanPostProcessorChecker  - Bean 'TPermissionMapper' of type [org.mybatis.spring.mapper.MapperFactoryBean] is not eligible for getting processed by all BeanPostProcessors (for example: not eligible for auto-proxying)
19-01-03.19:32:32.732 [restartedMain   ] INFO  PostProcessorRegistrationDelegate$BeanPostProcessorChecker  - Bean 'TPermissionMapper' of type [com.sun.proxy.$Proxy105] is not eligible for getting processed by all BeanPostProcessors (for example: not eligible for auto-proxying)
19-01-03.19:32:32.733 [restartedMain   ] INFO  PostProcessorRegistrationDelegate$BeanPostProcessorChecker  - Bean 'TPermissionServiceImpl' of type [com.bsworld.springboot.start.service.impl.TPermissionServiceImpl] is not eligible for getting processed by all BeanPostProcessors (for example: not eligible for auto-proxying)
19-01-03.19:32:32.733 [restartedMain   ] DEBUG LifecycleBeanPostProcessor  - Initializing bean [myShiroRealm]...
19-01-03.19:32:32.734 [restartedMain   ] INFO  PostProcessorRegistrationDelegate$BeanPostProcessorChecker  - Bean 'myShiroRealm' of type [com.bsworld.springboot.start.shiro.MyShiroRealm] is not eligible for getting processed by all BeanPostProcessors (for example: not eligible for auto-proxying)
19-01-03.19:32:32.741 [restartedMain   ] DEBUG AuthorizingRealm        - No authorizationCache instance set.  Checking for a cacheManager...
19-01-03.19:32:32.741 [restartedMain   ] DEBUG AuthorizingRealm        - CacheManager [org.apache.shiro.cache.ehcache.EhCacheManager@ebc5e03] has been configured.  Building authorization cache named [myRelam2.authorizationCache]
19-01-03.19:32:32.742 [restartedMain   ] INFO  EhCacheManager          - Cache with name 'myRelam2.authorizationCache' does not yet exist.  Creating now.
19-01-03.19:32:32.742 [restartedMain   ] DEBUG MemoryStore             - Initialized net.sf.ehcache.store.NotifyingMemoryStore for myRelam2.authorizationCache
19-01-03.19:32:32.743 [restartedMain   ] DEBUG Cache                   - Initialised cache: myRelam2.authorizationCache
19-01-03.19:32:32.743 [restartedMain   ] DEBUG ConfigurationHelper     - CacheDecoratorFactory not configured for defaultCache. Skipping for 'myRelam2.authorizationCache'.
19-01-03.19:32:32.743 [restartedMain   ] INFO  EhCacheManager          - Added EhCache named [myRelam2.authorizationCache]
19-01-03.19:32:32.798 [restartedMain   ] DEBUG LifecycleBeanPostProcessor  - Initializing bean [myShiroRealm2]...
19-01-03.19:32:32.798 [restartedMain   ] INFO  PostProcessorRegistrationDelegate$BeanPostProcessorChecker  - Bean 'myShiroRealm2' of type [com.bsworld.springboot.start.shiro.MyShiroRealm2] is not eligible for getting processed by all BeanPostProcessors (for example: not eligible for auto-proxying)
19-01-03.19:32:32.802 [restartedMain   ] INFO  PostProcessorRegistrationDelegate$BeanPostProcessorChecker  - Bean 'securityManager' of type [org.apache.shiro.web.mgt.DefaultWebSecurityManager] is not eligible for getting processed by all BeanPostProcessors (for example: not eligible for auto-proxying)
19-01-03.19:32:32.867 [restartedMain   ] INFO  PostProcessorRegistrationDelegate$BeanPostProcessorChecker  - Bean 'org.springframework.transaction.annotation.ProxyTransactionManagementConfiguration' of type [org.springframework.transaction.annotation.ProxyTransactionManagementConfiguration$$EnhancerBySpringCGLIB$$909ea06b] is not eligible for getting processed by all BeanPostProcessors (for example: not eligible for auto-proxying)
19-01-03.19:32:32.874 [restartedMain   ] INFO  PostProcessorRegistrationDelegate$BeanPostProcessorChecker  - Bean 'getAuthorizationAttributeSourceAdvisor' of type [org.apache.shiro.spring.security.interceptor.AuthorizationAttributeSourceAdvisor] is not eligible for getting processed by all BeanPostProcessors (for example: not eligible for auto-proxying)
19-01-03.19:32:33.243 [restartedMain   ] INFO  TomcatWebServer         - Tomcat initialized with port(s): 8080 (http)
19-01-03.19:32:33.244 [restartedMain   ] INFO  Http11NioProtocol       - Initializing ProtocolHandler ["http-nio-8080"]
19-01-03.19:32:33.245 [restartedMain   ] INFO  StandardService         - Starting service [Tomcat]
19-01-03.19:32:33.246 [restartedMain   ] INFO  StandardEngine          - Starting Servlet Engine: Apache Tomcat/8.5.31
19-01-03.19:32:33.260 [localhost-startStop-1] INFO  [/]                     - Initializing Spring embedded WebApplicationContext
19-01-03.19:32:33.261 [localhost-startStop-1] INFO  ContextLoader           - Root WebApplicationContext: initialization completed in 2276 ms
19-01-03.19:32:33.336 [localhost-startStop-1] DEBUG DefaultFilterChainManager  - Creating chain [/user] from String definition [authc]
19-01-03.19:32:33.336 [localhost-startStop-1] DEBUG DefaultFilterChainManager  - Attempting to apply path [/user] to filter [authc] with config [null]
19-01-03.19:32:33.336 [localhost-startStop-1] DEBUG DefaultFilterChainManager  - Creating chain [/user/edit/**] from String definition [authc,perms[user:edit]]
19-01-03.19:32:33.336 [localhost-startStop-1] DEBUG DefaultFilterChainManager  - Attempting to apply path [/user/edit/**] to filter [authc] with config [null]
19-01-03.19:32:33.336 [localhost-startStop-1] DEBUG DefaultFilterChainManager  - Attempting to apply path [/user/edit/**] to filter [perms] with config [user:edit]
19-01-03.19:32:33.337 [localhost-startStop-1] DEBUG DefaultFilterChainManager  - Creating chain [/login] from String definition [anon]
19-01-03.19:32:33.337 [localhost-startStop-1] DEBUG DefaultFilterChainManager  - Attempting to apply path [/login] to filter [anon] with config [null]
19-01-03.19:32:33.337 [localhost-startStop-1] DEBUG DefaultFilterChainManager  - Creating chain [/**] from String definition [anon]
19-01-03.19:32:33.337 [localhost-startStop-1] DEBUG DefaultFilterChainManager  - Attempting to apply path [/**] to filter [anon] with config [null]
19-01-03.19:32:33.344 [localhost-startStop-1] DEBUG ShiroFilterFactoryBean  - Found filter chain candidate filter 'requestContextFilter'
19-01-03.19:32:33.353 [localhost-startStop-1] DEBUG ShiroFilterFactoryBean  - Found filter chain candidate filter 'hiddenHttpMethodFilter'
19-01-03.19:32:33.362 [localhost-startStop-1] DEBUG ShiroFilterFactoryBean  - Found filter chain candidate filter 'httpPutFormContentFilter'
19-01-03.19:32:33.366 [localhost-startStop-1] DEBUG ShiroFilterFactoryBean  - Found filter chain candidate filter 'characterEncodingFilter'
19-01-03.19:32:33.411 [localhost-startStop-1] INFO  ServletRegistrationBean  - Servlet dispatcherServlet mapped to [/]
19-01-03.19:32:33.412 [localhost-startStop-1] INFO  FilterRegistrationBean  - Mapping filter: 'characterEncodingFilter' to: [/*]
19-01-03.19:32:33.412 [localhost-startStop-1] INFO  FilterRegistrationBean  - Mapping filter: 'hiddenHttpMethodFilter' to: [/*]
19-01-03.19:32:33.412 [localhost-startStop-1] INFO  FilterRegistrationBean  - Mapping filter: 'httpPutFormContentFilter' to: [/*]
19-01-03.19:32:33.412 [localhost-startStop-1] INFO  FilterRegistrationBean  - Mapping filter: 'requestContextFilter' to: [/*]
19-01-03.19:32:33.412 [localhost-startStop-1] INFO  FilterRegistrationBean  - Mapping filter: 'shiroFilter' to: [/*]
19-01-03.19:32:34.008 [restartedMain   ] DEBUG TraversableResolvers    - Cannot find javax.persistence.Persistence on classpath. Assuming non JPA 2 environment. All properties will per default be traversable.
19-01-03.19:32:34.009 [restartedMain   ] DEBUG ResourceBundleMessageInterpolator  - Loaded expression factory via original TCCL
19-01-03.19:32:34.011 [restartedMain   ] DEBUG TraversableResolvers    - Cannot find javax.persistence.Persistence on classpath. Assuming non JPA 2 environment. All properties will per default be traversable.
19-01-03.19:32:34.012 [restartedMain   ] DEBUG ConfigurationImpl       - Setting custom MessageInterpolator of type org.springframework.validation.beanvalidation.LocaleContextMessageInterpolator
19-01-03.19:32:34.012 [restartedMain   ] DEBUG ConfigurationImpl       - Setting custom ConstraintValidatorFactory of type org.springframework.validation.beanvalidation.SpringConstraintValidatorFactory
19-01-03.19:32:34.012 [restartedMain   ] DEBUG ConfigurationImpl       - Setting custom ParameterNameProvider of type org.springframework.validation.beanvalidation.LocalValidatorFactoryBean$1
19-01-03.19:32:34.013 [restartedMain   ] DEBUG ValidationXmlParser     - Trying to load META-INF/validation.xml for XML based Validator configuration.
19-01-03.19:32:34.013 [restartedMain   ] DEBUG ResourceLoaderHelper    - Trying to load META-INF/validation.xml via user class loader
19-01-03.19:32:34.014 [restartedMain   ] DEBUG ResourceLoaderHelper    - Trying to load META-INF/validation.xml via TCCL
19-01-03.19:32:34.014 [restartedMain   ] DEBUG ResourceLoaderHelper    - Trying to load META-INF/validation.xml via Hibernate Validator's class loader
19-01-03.19:32:34.014 [restartedMain   ] DEBUG ValidationXmlParser     - No META-INF/validation.xml found. Using annotation based configuration only.
19-01-03.19:32:34.021 [restartedMain   ] DEBUG ValidatorFactoryImpl    - HV000234: Using org.springframework.validation.beanvalidation.LocaleContextMessageInterpolator as ValidatorFactory-scoped message interpolator.
19-01-03.19:32:34.021 [restartedMain   ] DEBUG ValidatorFactoryImpl    - HV000234: Using org.hibernate.validator.internal.engine.resolver.TraverseAllTraversableResolver as ValidatorFactory-scoped traversable resolver.
19-01-03.19:32:34.022 [restartedMain   ] DEBUG ValidatorFactoryImpl    - HV000234: Using org.hibernate.validator.internal.util.ExecutableParameterNameProvider as ValidatorFactory-scoped parameter name provider.
19-01-03.19:32:34.022 [restartedMain   ] DEBUG ValidatorFactoryImpl    - HV000234: Using org.hibernate.validator.internal.engine.DefaultClockProvider as ValidatorFactory-scoped clock provider.
19-01-03.19:32:34.022 [restartedMain   ] DEBUG ValidatorFactoryImpl    - HV000234: Using org.hibernate.validator.internal.engine.scripting.DefaultScriptEvaluatorFactory as ValidatorFactory-scoped script evaluator factory.
19-01-03.19:32:34.831 [restartedMain   ] INFO  RequestMappingHandlerAdapter  - Looking for @ControllerAdvice: org.springframework.boot.web.servlet.context.AnnotationConfigServletWebServerApplicationContext@62b021fc: startup date [Thu Jan 03 19:32:30 CST 2019]; root of context hierarchy
19-01-03.19:32:34.974 [restartedMain   ] INFO  RequestMappingHandlerMapping  - Mapped "{[/aop],methods=[POST]}" onto public void com.bsworld.springboot.start.aop.AopController.run()
19-01-03.19:32:34.975 [restartedMain   ] INFO  RequestMappingHandlerMapping  - Mapped "{[/login],methods=[POST]}" onto public java.lang.String com.bsworld.springboot.start.shiro.ShiroController.login(com.bsworld.springboot.start.dao.entity.TUser)
19-01-03.19:32:34.976 [restartedMain   ] INFO  RequestMappingHandlerMapping  - Mapped "{[/logout],methods=[GET]}" onto public java.lang.String com.bsworld.springboot.start.shiro.ShiroController.logout(org.springframework.web.servlet.mvc.support.RedirectAttributes)
19-01-03.19:32:34.976 [restartedMain   ] INFO  RequestMappingHandlerMapping  - Mapped "{[/403]}" onto public java.lang.String com.bsworld.springboot.start.shiro.ShiroController.unauthorizedRole()
19-01-03.19:32:34.977 [restartedMain   ] INFO  RequestMappingHandlerMapping  - Mapped "{[/user/edit/{userid}]}" onto public java.lang.String com.bsworld.springboot.start.shiro.ShiroController.getUserList(int)
19-01-03.19:32:34.978 [restartedMain   ] INFO  RequestMappingHandlerMapping  - Mapped "{[/mysql/test],methods=[POST]}" onto public void com.bsworld.springboot.start.web.MySqlController.test(com.bsworld.springboot.start.web.MySqlTestBean)
19-01-03.19:32:34.978 [restartedMain   ] INFO  RequestMappingHandlerMapping  - Mapped "{[/mysql/json],methods=[POST]}" onto public void com.bsworld.springboot.start.web.MySqlController.test(java.util.HashMap)
19-01-03.19:32:34.980 [restartedMain   ] INFO  RequestMappingHandlerMapping  - Mapped "{[/rate/insert],methods=[POST]}" onto public void com.bsworld.springboot.start.web.RateTransController.insert()
19-01-03.19:32:34.980 [restartedMain   ] INFO  RequestMappingHandlerMapping  - Mapped "{[/rate/query],methods=[POST]}" onto public void com.bsworld.springboot.start.web.RateTransController.query()
19-01-03.19:32:34.981 [restartedMain   ] INFO  RequestMappingHandlerMapping  - Mapped "{[/rate/threadquery],methods=[POST]}" onto public void com.bsworld.springboot.start.web.RateTransController.queryThread()
19-01-03.19:32:34.982 [restartedMain   ] INFO  RequestMappingHandlerMapping  - Mapped "{[/user/get],methods=[POST]}" onto public void com.bsworld.springboot.start.web.UserController.run(java.util.HashMap)
19-01-03.19:32:34.982 [restartedMain   ] INFO  RequestMappingHandlerMapping  - Mapped "{[/user/get10],methods=[POST]}" onto public void com.bsworld.springboot.start.web.UserController.insert()
19-01-03.19:32:34.986 [restartedMain   ] INFO  RequestMappingHandlerMapping  - Mapped "{[/error]}" onto public org.springframework.http.ResponseEntity<java.util.Map<java.lang.String, java.lang.Object>> org.springframework.boot.autoconfigure.web.servlet.error.BasicErrorController.error(javax.servlet.http.HttpServletRequest)
19-01-03.19:32:34.987 [restartedMain   ] INFO  RequestMappingHandlerMapping  - Mapped "{[/error],produces=[text/html]}" onto public org.springframework.web.servlet.ModelAndView org.springframework.boot.autoconfigure.web.servlet.error.BasicErrorController.errorHtml(javax.servlet.http.HttpServletRequest,javax.servlet.http.HttpServletResponse)
19-01-03.19:32:35.189 [restartedMain   ] INFO  SimpleUrlHandlerMapping  - Mapped URL path [/webjars/**] onto handler of type [class org.springframework.web.servlet.resource.ResourceHttpRequestHandler]
19-01-03.19:32:35.190 [restartedMain   ] INFO  SimpleUrlHandlerMapping  - Mapped URL path [/**] onto handler of type [class org.springframework.web.servlet.resource.ResourceHttpRequestHandler]
19-01-03.19:32:35.423 [restartedMain   ] INFO  SimpleUrlHandlerMapping  - Mapped URL path [/**/favicon.ico] onto handler of type [class org.springframework.web.servlet.resource.ResourceHttpRequestHandler]
19-01-03.19:32:35.936 [restartedMain   ] INFO  OptionalLiveReloadServer  - LiveReload server is running on port 35729
19-01-03.19:32:36.102 [restartedMain   ] INFO  AnnotationMBeanExporter  - Registering beans for JMX exposure on startup
19-01-03.19:32:36.107 [restartedMain   ] INFO  AnnotationMBeanExporter  - Bean with name 'druidDateSource' has been autodetected for JMX exposure
19-01-03.19:32:36.112 [restartedMain   ] INFO  AnnotationMBeanExporter  - Located MBean 'druidDateSource': registering with JMX server as MBean [com.alibaba.druid.pool:name=druidDateSource,type=DruidDataSource]
19-01-03.19:32:36.134 [restartedMain   ] INFO  Http11NioProtocol       - Starting ProtocolHandler ["http-nio-8080"]
19-01-03.19:32:36.144 [restartedMain   ] INFO  NioSelectorPool         - Using a shared selector for servlet write/read
19-01-03.19:32:36.153 [restartedMain   ] INFO  TomcatWebServer         - Tomcat started on port(s): 8080 (http) with context path ''
19-01-03.19:32:36.154 [restartedMain   ] INFO  SpringbootApplication   - Started SpringbootApplication in 5.249 seconds (JVM running for 67265.433)
19-01-03.19:32:36.158 [restartedMain   ] INFO  ConditionEvaluationDeltaLoggingListener  - Condition evaluation unchanged
19-01-03.21:11:01.772 [Thread-48       ] INFO  AnnotationConfigServletWebServerApplicationContext  - Closing org.springframework.boot.web.servlet.context.AnnotationConfigServletWebServerApplicationContext@62b021fc: startup date [Thu Jan 03 19:32:30 CST 2019]; root of context hierarchy
19-01-03.21:11:01.786 [Thread-48       ] INFO  AnnotationMBeanExporter  - Unregistering JMX-exposed beans on shutdown
19-01-03.21:11:01.786 [Thread-48       ] INFO  AnnotationMBeanExporter  - Unregistering JMX-exposed beans
19-01-03.21:11:01.787 [Thread-48       ] DEBUG LifecycleBeanPostProcessor  - Destroying bean [securityManager]...
19-01-03.21:11:01.789 [Thread-48       ] DEBUG LifecycleBeanPostProcessor  - Destroying bean [getEhCacheManager]...
