18-12-03.14:20:40.156 [main            ] DEBUG ResourceUtils           - Opening resource from class path [shiro.ini]
18-12-03.14:20:40.163 [main            ] DEBUG Ini                     - Parsing [users]
18-12-03.14:20:40.179 [main            ] DEBUG BooleanConverter        - Setting default value: false
18-12-03.14:20:40.181 [main            ] DEBUG BooleanConverter        - Converting 'Boolean' value 'false' to type 'Boolean'
18-12-03.14:20:40.181 [main            ] DEBUG BooleanConverter        -     No conversion required, value is already a Boolean
18-12-03.14:20:40.185 [main            ] DEBUG ByteConverter           - Setting default value: 0
18-12-03.14:20:40.185 [main            ] DEBUG ByteConverter           - Converting 'Integer' value '0' to type 'Byte'
18-12-03.14:20:40.186 [main            ] DEBUG ByteConverter           -     Converted to Byte value '0'
18-12-03.14:20:40.187 [main            ] DEBUG CharacterConverter      - Setting default value:  
18-12-03.14:20:40.188 [main            ] DEBUG CharacterConverter      - Converting 'Character' value ' ' to type 'Character'
18-12-03.14:20:40.188 [main            ] DEBUG CharacterConverter      -     No conversion required, value is already a Character
18-12-03.14:20:40.189 [main            ] DEBUG DoubleConverter         - Setting default value: 0
18-12-03.14:20:40.190 [main            ] DEBUG DoubleConverter         - Converting 'Integer' value '0' to type 'Double'
18-12-03.14:20:40.191 [main            ] DEBUG DoubleConverter         -     Converted to Double value '0.0'
18-12-03.14:20:40.192 [main            ] DEBUG FloatConverter          - Setting default value: 0
18-12-03.14:20:40.192 [main            ] DEBUG FloatConverter          - Converting 'Integer' value '0' to type 'Float'
18-12-03.14:20:40.193 [main            ] DEBUG FloatConverter          -     Converted to Float value '0.0'
18-12-03.14:20:40.194 [main            ] DEBUG IntegerConverter        - Setting default value: 0
18-12-03.14:20:40.194 [main            ] DEBUG IntegerConverter        - Converting 'Integer' value '0' to type 'Integer'
18-12-03.14:20:40.194 [main            ] DEBUG IntegerConverter        -     No conversion required, value is already a Integer
18-12-03.14:20:40.197 [main            ] DEBUG LongConverter           - Setting default value: 0
18-12-03.14:20:40.199 [main            ] DEBUG LongConverter           - Converting 'Integer' value '0' to type 'Long'
18-12-03.14:20:40.200 [main            ] DEBUG LongConverter           -     Converted to Long value '0'
18-12-03.14:20:40.209 [main            ] DEBUG ShortConverter          - Setting default value: 0
18-12-03.14:20:40.209 [main            ] DEBUG ShortConverter          - Converting 'Integer' value '0' to type 'Short'
18-12-03.14:20:40.209 [main            ] DEBUG ShortConverter          -     Converted to Short value '0'
18-12-03.14:20:40.213 [main            ] DEBUG BigDecimalConverter     - Setting default value: 0.0
18-12-03.14:20:40.216 [main            ] DEBUG BigDecimalConverter     - Converting 'BigDecimal' value '0.0' to type 'BigDecimal'
18-12-03.14:20:40.216 [main            ] DEBUG BigDecimalConverter     -     No conversion required, value is already a BigDecimal
18-12-03.14:20:40.222 [main            ] DEBUG BigIntegerConverter     - Setting default value: 0
18-12-03.14:20:40.226 [main            ] DEBUG BigIntegerConverter     - Converting 'BigInteger' value '0' to type 'BigInteger'
18-12-03.14:20:40.227 [main            ] DEBUG BigIntegerConverter     -     No conversion required, value is already a BigInteger
18-12-03.14:20:40.228 [main            ] DEBUG BooleanConverter        - Setting default value: false
18-12-03.14:20:40.229 [main            ] DEBUG BooleanConverter        - Converting 'Boolean' value 'false' to type 'Boolean'
18-12-03.14:20:40.229 [main            ] DEBUG BooleanConverter        -     No conversion required, value is already a Boolean
18-12-03.14:20:40.230 [main            ] DEBUG ByteConverter           - Setting default value: 0
18-12-03.14:20:40.237 [main            ] DEBUG ByteConverter           - Converting 'Integer' value '0' to type 'Byte'
18-12-03.14:20:40.241 [main            ] DEBUG ByteConverter           -     Converted to Byte value '0'
18-12-03.14:20:40.242 [main            ] DEBUG CharacterConverter      - Setting default value:  
18-12-03.14:20:40.242 [main            ] DEBUG CharacterConverter      - Converting 'Character' value ' ' to type 'Character'
18-12-03.14:20:40.243 [main            ] DEBUG CharacterConverter      -     No conversion required, value is already a Character
18-12-03.14:20:40.243 [main            ] DEBUG DoubleConverter         - Setting default value: 0
18-12-03.14:20:40.244 [main            ] DEBUG DoubleConverter         - Converting 'Integer' value '0' to type 'Double'
18-12-03.14:20:40.244 [main            ] DEBUG DoubleConverter         -     Converted to Double value '0.0'
18-12-03.14:20:40.245 [main            ] DEBUG FloatConverter          - Setting default value: 0
18-12-03.14:20:40.245 [main            ] DEBUG FloatConverter          - Converting 'Integer' value '0' to type 'Float'
18-12-03.14:20:40.245 [main            ] DEBUG FloatConverter          -     Converted to Float value '0.0'
18-12-03.14:20:40.245 [main            ] DEBUG IntegerConverter        - Setting default value: 0
18-12-03.14:20:40.245 [main            ] DEBUG IntegerConverter        - Converting 'Integer' value '0' to type 'Integer'
18-12-03.14:20:40.245 [main            ] DEBUG IntegerConverter        -     No conversion required, value is already a Integer
18-12-03.14:20:40.245 [main            ] DEBUG LongConverter           - Setting default value: 0
18-12-03.14:20:40.246 [main            ] DEBUG LongConverter           - Converting 'Integer' value '0' to type 'Long'
18-12-03.14:20:40.247 [main            ] DEBUG LongConverter           -     Converted to Long value '0'
18-12-03.14:20:40.251 [main            ] DEBUG ShortConverter          - Setting default value: 0
18-12-03.14:20:40.253 [main            ] DEBUG ShortConverter          - Converting 'Integer' value '0' to type 'Short'
18-12-03.14:20:40.254 [main            ] DEBUG ShortConverter          -     Converted to Short value '0'
18-12-03.14:20:40.258 [main            ] DEBUG StringConverter         - Setting default value: 
18-12-03.14:20:40.259 [main            ] DEBUG StringConverter         - Converting 'String' value '' to type 'String'
18-12-03.14:20:40.274 [main            ] DEBUG ArrayConverter          - Setting default value: [Z@59474f18
18-12-03.14:20:40.275 [main            ] DEBUG ArrayConverter          - Converting 'boolean[]' value '[Z@59474f18' to type 'boolean[]'
18-12-03.14:20:40.276 [main            ] DEBUG ArrayConverter          -     No conversion required, value is already a boolean[]
18-12-03.14:20:40.277 [main            ] DEBUG ArrayConverter          - Setting default value: [B@65fb9ffc
18-12-03.14:20:40.280 [main            ] DEBUG ArrayConverter          - Converting 'byte[]' value '[B@65fb9ffc' to type 'byte[]'
18-12-03.14:20:40.280 [main            ] DEBUG ArrayConverter          -     No conversion required, value is already a byte[]
18-12-03.14:20:40.281 [main            ] DEBUG ArrayConverter          - Setting default value: [C@3e694b3f
18-12-03.14:20:40.281 [main            ] DEBUG ArrayConverter          - Converting 'char[]' value '[C@3e694b3f' to type 'char[]'
18-12-03.14:20:40.281 [main            ] DEBUG ArrayConverter          -     No conversion required, value is already a char[]
18-12-03.14:20:40.281 [main            ] DEBUG ArrayConverter          - Setting default value: [D@1bb5a082
18-12-03.14:20:40.281 [main            ] DEBUG ArrayConverter          - Converting 'double[]' value '[D@1bb5a082' to type 'double[]'
18-12-03.14:20:40.282 [main            ] DEBUG ArrayConverter          -     No conversion required, value is already a double[]
18-12-03.14:20:40.282 [main            ] DEBUG ArrayConverter          - Setting default value: [F@78691363
18-12-03.14:20:40.282 [main            ] DEBUG ArrayConverter          - Converting 'float[]' value '[F@78691363' to type 'float[]'
18-12-03.14:20:40.282 [main            ] DEBUG ArrayConverter          -     No conversion required, value is already a float[]
18-12-03.14:20:40.282 [main            ] DEBUG ArrayConverter          - Setting default value: [I@41d477ed
18-12-03.14:20:40.282 [main            ] DEBUG ArrayConverter          - Converting 'int[]' value '[I@41d477ed' to type 'int[]'
18-12-03.14:20:40.282 [main            ] DEBUG ArrayConverter          -     No conversion required, value is already a int[]
18-12-03.14:20:40.283 [main            ] DEBUG ArrayConverter          - Setting default value: [J@3590fc5b
18-12-03.14:20:40.283 [main            ] DEBUG ArrayConverter          - Converting 'long[]' value '[J@3590fc5b' to type 'long[]'
18-12-03.14:20:40.283 [main            ] DEBUG ArrayConverter          -     No conversion required, value is already a long[]
18-12-03.14:20:40.283 [main            ] DEBUG ArrayConverter          - Setting default value: [S@397fbdb
18-12-03.14:20:40.283 [main            ] DEBUG ArrayConverter          - Converting 'short[]' value '[S@397fbdb' to type 'short[]'
18-12-03.14:20:40.283 [main            ] DEBUG ArrayConverter          -     No conversion required, value is already a short[]
18-12-03.14:20:40.283 [main            ] DEBUG ArrayConverter          - Setting default value: [Ljava.math.BigDecimal;@33d512c1
18-12-03.14:20:40.283 [main            ] DEBUG ArrayConverter          - Converting 'BigDecimal[]' value '[Ljava.math.BigDecimal;@33d512c1' to type 'BigDecimal[]'
18-12-03.14:20:40.284 [main            ] DEBUG ArrayConverter          -     No conversion required, value is already a BigDecimal[]
18-12-03.14:20:40.284 [main            ] DEBUG ArrayConverter          - Setting default value: [Ljava.math.BigInteger;@639c2c1d
18-12-03.14:20:40.285 [main            ] DEBUG ArrayConverter          - Converting 'BigInteger[]' value '[Ljava.math.BigInteger;@639c2c1d' to type 'BigInteger[]'
18-12-03.14:20:40.285 [main            ] DEBUG ArrayConverter          -     No conversion required, value is already a BigInteger[]
18-12-03.14:20:40.285 [main            ] DEBUG ArrayConverter          - Setting default value: [Ljava.lang.Boolean;@443118b0
18-12-03.14:20:40.285 [main            ] DEBUG ArrayConverter          - Converting 'Boolean[]' value '[Ljava.lang.Boolean;@443118b0' to type 'Boolean[]'
18-12-03.14:20:40.285 [main            ] DEBUG ArrayConverter          -     No conversion required, value is already a Boolean[]
18-12-03.14:20:40.286 [main            ] DEBUG ArrayConverter          - Setting default value: [Ljava.lang.Byte;@74235045
18-12-03.14:20:40.286 [main            ] DEBUG ArrayConverter          - Converting 'Byte[]' value '[Ljava.lang.Byte;@74235045' to type 'Byte[]'
18-12-03.14:20:40.286 [main            ] DEBUG ArrayConverter          -     No conversion required, value is already a Byte[]
18-12-03.14:20:40.286 [main            ] DEBUG ArrayConverter          - Setting default value: [Ljava.lang.Character;@2d3379b4
18-12-03.14:20:40.287 [main            ] DEBUG ArrayConverter          - Converting 'Character[]' value '[Ljava.lang.Character;@2d3379b4' to type 'Character[]'
18-12-03.14:20:40.287 [main            ] DEBUG ArrayConverter          -     No conversion required, value is already a Character[]
18-12-03.14:20:40.287 [main            ] DEBUG ArrayConverter          - Setting default value: [Ljava.lang.Double;@5e0e82ae
18-12-03.14:20:40.287 [main            ] DEBUG ArrayConverter          - Converting 'Double[]' value '[Ljava.lang.Double;@5e0e82ae' to type 'Double[]'
18-12-03.14:20:40.287 [main            ] DEBUG ArrayConverter          -     No conversion required, value is already a Double[]
18-12-03.14:20:40.287 [main            ] DEBUG ArrayConverter          - Setting default value: [Ljava.lang.Float;@51399530
18-12-03.14:20:40.288 [main            ] DEBUG ArrayConverter          - Converting 'Float[]' value '[Ljava.lang.Float;@51399530' to type 'Float[]'
18-12-03.14:20:40.288 [main            ] DEBUG ArrayConverter          -     No conversion required, value is already a Float[]
18-12-03.14:20:40.288 [main            ] DEBUG ArrayConverter          - Setting default value: [Ljava.lang.Integer;@411f53a0
18-12-03.14:20:40.289 [main            ] DEBUG ArrayConverter          - Converting 'Integer[]' value '[Ljava.lang.Integer;@411f53a0' to type 'Integer[]'
18-12-03.14:20:40.289 [main            ] DEBUG ArrayConverter          -     No conversion required, value is already a Integer[]
18-12-03.14:20:40.289 [main            ] DEBUG ArrayConverter          - Setting default value: [Ljava.lang.Long;@36fc695d
18-12-03.14:20:40.289 [main            ] DEBUG ArrayConverter          - Converting 'Long[]' value '[Ljava.lang.Long;@36fc695d' to type 'Long[]'
18-12-03.14:20:40.289 [main            ] DEBUG ArrayConverter          -     No conversion required, value is already a Long[]
18-12-03.14:20:40.290 [main            ] DEBUG ArrayConverter          - Setting default value: [Ljava.lang.Short;@13c9d689
18-12-03.14:20:40.290 [main            ] DEBUG ArrayConverter          - Converting 'Short[]' value '[Ljava.lang.Short;@13c9d689' to type 'Short[]'
18-12-03.14:20:40.291 [main            ] DEBUG ArrayConverter          -     No conversion required, value is already a Short[]
18-12-03.14:20:40.291 [main            ] DEBUG ArrayConverter          - Setting default value: [Ljava.lang.String;@62379589
18-12-03.14:20:40.291 [main            ] DEBUG ArrayConverter          - Converting 'String[]' value '[Ljava.lang.String;@62379589' to type 'String[]'
18-12-03.14:20:40.292 [main            ] DEBUG ArrayConverter          -     No conversion required, value is already a String[]
18-12-03.14:20:40.292 [main            ] DEBUG ArrayConverter          - Setting default value: [Ljava.lang.Class;@175c2241
18-12-03.14:20:40.292 [main            ] DEBUG ArrayConverter          - Converting 'Class[]' value '[Ljava.lang.Class;@175c2241' to type 'Class[]'
18-12-03.14:20:40.293 [main            ] DEBUG ArrayConverter          -     No conversion required, value is already a Class[]
18-12-03.14:20:40.293 [main            ] DEBUG ArrayConverter          - Setting default value: [Ljava.util.Date;@5bf0d49
18-12-03.14:20:40.293 [main            ] DEBUG ArrayConverter          - Converting 'Date[]' value '[Ljava.util.Date;@5bf0d49' to type 'Date[]'
18-12-03.14:20:40.293 [main            ] DEBUG ArrayConverter          -     No conversion required, value is already a Date[]
18-12-03.14:20:40.294 [main            ] DEBUG ArrayConverter          - Setting default value: [Ljava.util.Calendar;@776aec5c
18-12-03.14:20:40.294 [main            ] DEBUG ArrayConverter          - Converting 'Calendar[]' value '[Ljava.util.Calendar;@776aec5c' to type 'Calendar[]'
18-12-03.14:20:40.294 [main            ] DEBUG ArrayConverter          -     No conversion required, value is already a Calendar[]
18-12-03.14:20:40.295 [main            ] DEBUG ArrayConverter          - Setting default value: [Ljava.io.File;@7c7a06ec
18-12-03.14:20:40.295 [main            ] DEBUG ArrayConverter          - Converting 'java.io.File[]' value '[Ljava.io.File;@7c7a06ec' to type 'java.io.File[]'
18-12-03.14:20:40.296 [main            ] DEBUG ArrayConverter          -     No conversion required, value is already a java.io.File[]
18-12-03.14:20:40.297 [main            ] DEBUG ArrayConverter          - Setting default value: [Ljava.sql.Date;@557caf28
18-12-03.14:20:40.297 [main            ] DEBUG ArrayConverter          - Converting 'java.sql.Date[]' value '[Ljava.sql.Date;@557caf28' to type 'java.sql.Date[]'
18-12-03.14:20:40.298 [main            ] DEBUG ArrayConverter          -     No conversion required, value is already a java.sql.Date[]
18-12-03.14:20:40.298 [main            ] DEBUG ArrayConverter          - Setting default value: [Ljava.sql.Time;@6c6cb480
18-12-03.14:20:40.299 [main            ] DEBUG ArrayConverter          - Converting 'java.sql.Time[]' value '[Ljava.sql.Time;@6c6cb480' to type 'java.sql.Time[]'
18-12-03.14:20:40.299 [main            ] DEBUG ArrayConverter          -     No conversion required, value is already a java.sql.Time[]
18-12-03.14:20:40.300 [main            ] DEBUG ArrayConverter          - Setting default value: [Ljava.sql.Timestamp;@c730b35
18-12-03.14:20:40.300 [main            ] DEBUG ArrayConverter          - Converting 'java.sql.Timestamp[]' value '[Ljava.sql.Timestamp;@c730b35' to type 'java.sql.Timestamp[]'
18-12-03.14:20:40.300 [main            ] DEBUG ArrayConverter          -     No conversion required, value is already a java.sql.Timestamp[]
18-12-03.14:20:40.301 [main            ] DEBUG ArrayConverter          - Setting default value: [Ljava.net.URL;@292b08d6
18-12-03.14:20:40.301 [main            ] DEBUG ArrayConverter          - Converting 'java.net.URL[]' value '[Ljava.net.URL;@292b08d6' to type 'java.net.URL[]'
18-12-03.14:20:40.301 [main            ] DEBUG ArrayConverter          -     No conversion required, value is already a java.net.URL[]
18-12-03.14:20:40.315 [main            ] DEBUG IniFactorySupport       - Creating instance from Ini [sections=users]
18-12-03.14:20:40.358 [main            ] DEBUG IniRealm                - Discovered the [users] section.  Processing...
18-12-03.14:20:40.377 [main            ] DEBUG AuthenticatingRealm     - Looked up AuthenticationInfo [zhang] from doGetAuthenticationInfo
18-12-03.14:20:40.377 [main            ] DEBUG AuthenticatingRealm     - AuthenticationInfo caching is disabled for info [zhang].  Submitted token: [org.apache.shiro.authc.UsernamePasswordToken - zhang, rememberMe=false].
18-12-03.14:20:40.378 [main            ] DEBUG SimpleCredentialsMatcher  - Performing credentials equality check for tokenCredentials of type [[C and accountCredentials of type [java.lang.String]
18-12-03.14:20:40.378 [main            ] DEBUG SimpleCredentialsMatcher  - Both credentials arguments can be easily converted to byte arrays.  Performing array equals comparison
18-12-03.14:20:40.379 [main            ] DEBUG AbstractAuthenticator   - Authentication successful for token [org.apache.shiro.authc.UsernamePasswordToken - zhang, rememberMe=false].  Returned account [zhang]
18-12-03.14:20:40.379 [main            ] DEBUG DefaultSubjectContext   - No SecurityManager available in subject context map.  Falling back to SecurityUtils.getSecurityManager() lookup.
18-12-03.14:20:40.379 [main            ] DEBUG DefaultSubjectContext   - No SecurityManager available in subject context map.  Falling back to SecurityUtils.getSecurityManager() lookup.
18-12-03.14:20:40.380 [main            ] DEBUG AbstractValidatingSessionManager  - No sessionValidationScheduler set.  Attempting to create default instance.
18-12-03.14:20:40.381 [main            ] INFO  AbstractValidatingSessionManager  - Enabling session validation scheduler...
18-12-03.14:20:40.385 [main            ] DEBUG DefaultSessionManager   - Creating new EIS record for new session instance [org.apache.shiro.session.mgt.SimpleSession,id=null]
18-12-03.14:20:40.396 [main            ] DEBUG DefaultSecurityManager  - Logging out subject with primary principal zhang
18-12-03.14:20:40.397 [main            ] DEBUG AbstractSessionManager  - Stopping session with id [1f921ec4-8533-4fd2-adb5-55fbf7a9e8aa]
